TN:
SF:src/index.js
FN:5,getDiff
FNF:1
FNH:1
FNDA:2,getDiff
DA:1,1
DA:2,1
DA:3,1
DA:4,1
DA:5,1
DA:6,2
DA:7,2
DA:8,2
DA:9,2
DA:10,2
DA:11,2
DA:12,2
DA:13,2
DA:14,2
DA:15,2
DA:16,2
DA:17,2
DA:18,2
DA:19,2
DA:20,2
DA:21,2
DA:22,10
DA:23,2
DA:24,2
DA:25,10
DA:26,1
DA:27,1
DA:28,10
DA:29,3
DA:30,3
DA:31,4
DA:32,2
DA:33,2
DA:34,2
DA:35,2
DA:36,2
DA:37,1
DA:38,1
LF:38
LH:38
BRDA:5,0,0,2
BRDA:21,1,0,10
BRDA:22,2,0,2
BRDA:24,3,0,8
BRDA:25,4,0,1
BRDA:27,5,0,7
BRDA:28,6,0,3
BRDA:30,7,0,4
BRF:8
BRH:8
end_of_record
